tests\modules\test_opportunities_service.py: note: In member "test_generate_opportunities" of class "TestOpportunityService":
tests\modules\test_opportunities_service.py:137: error: Missing named argument "goal_id" for "OpportunityGenerateRequest"  [call-arg]
modules\architecture\service.py: note: In member "set_project_context" of class "ArchitectureService":
modules\architecture\service.py:50: error: Function is missing a return type annotation  [no-untyped-def]
modules\architecture\service.py:52: error: Incompatible types in assignment (expression has type "UUID", variable has type "None")  [assignment]
modules\architecture\service.py: note: In member "create_dependency" of class "ArchitectureService":
modules\architecture\service.py:185: error: Function is missing a return type annotation  [no-untyped-def]
modules\architecture\service.py: note: In member "get_dependency" of class "ArchitectureService":
modules\architecture\service.py:290: error: Function is missing a return type annotation  [no-untyped-def]
modules\architecture\service.py: note: In member "list_dependencies" of class "ArchitectureService":
modules\architecture\service.py:294: error: Function is missing a return type annotation  [no-untyped-def]
modules\architecture\service.py: note: In member "update_dependency" of class "ArchitectureService":
modules\architecture\service.py:305: error: Function is missing a return type annotation  [no-untyped-def]
modules\architecture\service.py: note: In member "create_rule" of class "ArchitectureService":
modules\architecture\service.py:317: error: Function is missing a return type annotation  [no-untyped-def]
modules\architecture\service.py: note: In member "get_rule" of class "ArchitectureService":
modules\architecture\service.py:321: error: Function is missing a return type annotation  [no-untyped-def]
modules\architecture\service.py: note: In member "list_rules" of class "ArchitectureService":
modules\architecture\service.py:325: error: Function is missing a return type annotation  [no-untyped-def]
modules\architecture\service.py: note: In member "update_rule" of class "ArchitectureService":
modules\architecture\service.py:340: error: Function is missing a return type annotation  [no-untyped-def]
modules\architecture\service.py: note: In member "deactivate_rule" of class "ArchitectureService":
modules\architecture\service.py:348: error: Function is missing a return type annotation  [no-untyped-def]
core\tree_monitors.py: note: In member "_check_high_complexity" of class "TreeMonitoringService":
core\tree_monitors.py:117: error: Returning Any from function declared to return "bool"  [no-any-return]
core\ai_governor.py:24: error: Unused "type: ignore" comment  [unused-ignore]
ai_agents\requirements_team.py: note: In function "get_requirements_analyst_agent":
ai_agents\requirements_team.py:53: error: Function is missing a return type annotation  [no-untyped-def]
ai_agents\requirements_team.py: note: In function "get_requirements_validator_agent":
ai_agents\requirements_team.py:84: error: Function is missing a return type annotation  [no-untyped-def]
ai_agents\requirements_team.py: note: In function "get_technology_advisor_agent":
ai_agents\requirements_team.py:122: error: Function is missing a return type annotation  [no-untyped-def]
ai_agents\code_generation_team.py:267: error: Unused "type: ignore" comment  [unused-ignore]
ai_agents\code_generation_team.py:274: error: Unused "type: ignore" comment  [unused-ignore]
api\v1\requirements.py: note: In function "create_requirement":
api\v1\requirements.py:42: error: Function is missing a return type annotation  [no-untyped-def]
api\v1\requirements.py: note: In function "list_requirements":
api\v1\requirements.py:54: error: Function is missing a return type annotation  [no-untyped-def]
api\v1\requirements.py: note: In function "list_module_requirements":
api\v1\requirements.py:74: error: Function is missing a return type annotation  [no-untyped-def]
api\v1\requirements.py: note: In function "get_requirement":
api\v1\requirements.py:86: error: Function is missing a return type annotation  [no-untyped-def]
api\v1\requirements.py: note: In function "update_requirement":
api\v1\requirements.py:100: error: Function is missing a return type annotation  [no-untyped-def]
api\v1\requirements.py: note: In function "delete_requirement":
api\v1\requirements.py:115: error: Function is missing a return type annotation  [no-untyped-def]
api\v1\requirements.py: note: In function "approve_requirement":
api\v1\requirements.py:128: error: Function is missing a return type annotation  [no-untyped-def]
api\v1\requirements.py: note: In function "validate_requirement":
api\v1\requirements.py:147: error: Function is missing a return type annotation  [no-untyped-def]
api\v1\requirements.py:184: error: List comprehension has incompatible type List[dict[str, Any]]; expected List[ValidationIssue]  [misc]
api\v1\requirements.py: note: In function "validate_batch":
api\v1\requirements.py:198: error: Function is missing a return type annotation  [no-untyped-def]
api\v1\requirements.py: note: In function "get_suggestions":
api\v1\requirements.py:211: error: Function is missing a return type annotation  [no-untyped-def]
api\v1\requirements.py: note: In function "generate_technology_recommendations":
api\v1\requirements.py:238: error: Function is missing a return type annotation  [no-untyped-def]
api\v1\requirements.py:298: error: Incompatible types in assignment (expression has type "TechnologyRecommendation", variable has type "dict[str, Any]")  [assignment]
api\v1\requirements.py:299: error: "dict[str, Any]" has no attribute "technology_type"  [attr-defined]
api\v1\requirements.py:302: error: Argument "recommendations" to "TechnologyRecommendationSummary" has incompatible type "list[TechnologyRecommendation]"; expected "list[TechnologyRecommendationResponse]"  [arg-type]
api\v1\requirements.py: note: In function "list_technology_recommendations":
api\v1\requirements.py:312: error: Function is missing a return type annotation  [no-untyped-def]
api\v1\requirements.py: note: In function "get_technology_recommendation":
api\v1\requirements.py:326: error: Function is missing a return type annotation  [no-untyped-def]
api\v1\requirements.py: note: In function "update_technology_recommendation":
api\v1\requirements.py:340: error: Function is missing a return type annotation  [no-untyped-def]
api\v1\requirements.py: note: In function "delete_technology_recommendation":
api\v1\requirements.py:355: error: Function is missing a return type annotation  [no-untyped-def]
api\v1\requirements.py: note: In function "create_api_specification":
api\v1\requirements.py:373: error: Function is missing a return type annotation  [no-untyped-def]
api\v1\requirements.py: note: In function "list_api_specifications":
api\v1\requirements.py:385: error: Function is missing a return type annotation  [no-untyped-def]
api\v1\requirements.py: note: In function "get_api_specification":
api\v1\requirements.py:397: error: Function is missing a return type annotation  [no-untyped-def]
api\v1\requirements.py: note: In function "update_api_specification":
api\v1\requirements.py:411: error: Function is missing a return type annotation  [no-untyped-def]
api\v1\requirements.py: note: In function "delete_api_specification":
api\v1\requirements.py:426: error: Function is missing a return type annotation  [no-untyped-def]
api\v1\requirements.py: note: In function "get_requirements_summary":
api\v1\requirements.py:444: error: Function is missing a return type annotation  [no-untyped-def]
api\v1\requirements.py: note: In function "get_requirements_report":
api\v1\requirements.py:456: error: Function is missing a return type annotation  [no-untyped-def]
api\v1\architecture.py: note: In function "generate_architecture":
api\v1\architecture.py:141: error: Need type annotation for "created_rules" (hint: "created_rules: list[<type>] = ...")  [var-annotated]
api\v1\architecture.py: note: In function "analyze_module_impact_advanced":
api\v1\architecture.py:477: error: Function is missing a return type annotation  [no-untyped-def]
api\v1\architecture.py: note: In function "simulate_module_change":
api\v1\architecture.py:496: error: Function is missing a return type annotation  [no-untyped-def]
api\v1\architecture.py: note: In function "get_dependency_analysis":
api\v1\architecture.py:518: error: Function is missing a return type annotation  [no-untyped-def]
api\v1\architecture.py: note: In function "validate_module_rules":
api\v1\architecture.py:537: error: Function is missing a return type annotation  [no-untyped-def]
api\v1\architecture.py: note: In function "execute_ai_architecture_plan":
api\v1\architecture.py:561: error: Function is missing a return type annotation  [no-untyped-def]
tests\modules\test_code_generation_service.py: note: In member "test_create_session" of class "TestCodeGenerationService":
tests\modules\test_code_generation_service.py:16: error: Function is missing a type annotation  [no-untyped-def]
tests\modules\test_code_generation_service.py: note: In member "test_list_sessions" of class "TestCodeGenerationService":
tests\modules\test_code_generation_service.py:28: error: Function is missing a type annotation  [no-untyped-def]
tests\modules\test_code_generation_service.py: note: In function "sample_project":
tests\modules\test_code_generation_service.py:43: error: Function is missing a type annotation  [no-untyped-def]
api\v1\code_generation.py: note: In function "validate_project":
api\v1\code_generation.py:23: error: Function is missing a return type annotation  [no-untyped-def]
api\v1\code_generation.py: note: In function "create_session":
api\v1\code_generation.py:35: error: Function is missing a return type annotation  [no-untyped-def]
api\v1\code_generation.py: note: In function "get_session":
api\v1\code_generation.py:51: error: Function is missing a return type annotation  [no-untyped-def]
api\v1\code_generation.py: note: In function "list_sessions":
api\v1\code_generation.py:65: error: Function is missing a return type annotation  [no-untyped-def]
api\v1\code_generation.py: note: In function "generate_scaffold":
api\v1\code_generation.py:77: error: Function is missing a return type annotation  [no-untyped-def]
api\v1\code_generation.py: note: In function "approve_scaffold":
api\v1\code_generation.py:91: error: Function is missing a return type annotation  [no-untyped-def]
api\v1\code_generation.py: note: In function "generate_implementation":
api\v1\code_generation.py:120: error: Function is missing a return type annotation  [no-untyped-def]
api\v1\code_generation.py: note: In function "approve_code":
api\v1\code_generation.py:134: error: Function is missing a return type annotation  [no-untyped-def]
api\v1\code_generation.py: note: In function "list_files":
api\v1\code_generation.py:161: error: Function is missing a return type annotation  [no-untyped-def]
api\v1\code_generation.py: note: In function "delete_session":
api\v1\code_generation.py:173: error: Function is missing a return type annotation  [no-untyped-def]
main.py:41: error: Unused "type: ignore" comment  [unused-ignore]
tests\e2e\test_refmemtree_e2e.py: note: In member "test_e2e_module_creation_syncs_to_refmemtree" of class "TestRefMemTreeE2E":
tests\e2e\test_refmemtree_e2e.py:26: error: Function is missing a type annotation  [no-untyped-def]
tests\e2e\test_refmemtree_e2e.py: note: In member "test_e2e_dependency_with_circular_detection" of class "TestRefMemTreeE2E":
tests\e2e\test_refmemtree_e2e.py:67: error: Function is missing a type annotation  [no-untyped-def]
tests\e2e\test_refmemtree_e2e.py: note: In member "test_e2e_impact_analysis_endpoint" of class "TestRefMemTreeE2E":
tests\e2e\test_refmemtree_e2e.py:131: error: Function is missing a type annotation  [no-untyped-def]
tests\e2e\test_refmemtree_e2e.py: note: In member "test_e2e_analytics_critical_nodes" of class "TestRefMemTreeE2E":
tests\e2e\test_refmemtree_e2e.py:191: error: Function is missing a type annotation  [no-untyped-def]
tests\e2e\test_refmemtree_e2e.py: note: In member "test_e2e_ai_governor_plan_execution" of class "TestRefMemTreeE2E":
tests\e2e\test_refmemtree_e2e.py:239: error: Function is missing a type annotation  [no-untyped-def]
tests\e2e\test_refmemtree_e2e.py: note: In member "test_e2e_refmemtree_protection_on_delete" of class "TestRefMemTreeE2E":
tests\e2e\test_refmemtree_e2e.py:291: error: Function is missing a type annotation  [no-untyped-def]
tests\e2e\test_refmemtree_e2e.py: note: In member "test_e2e_real_time_monitoring" of class "TestRefMemTreeE2E":
tests\e2e\test_refmemtree_e2e.py:348: error: Function is missing a type annotation  [no-untyped-def]
tests\e2e\test_refmemtree_e2e.py: note: In member "test_e2e_snapshot_and_rollback" of class "TestRefMemTreeE2E":
tests\e2e\test_refmemtree_e2e.py:366: error: Function is missing a type annotation  [no-untyped-def]
tests\e2e\test_refmemtree_e2e.py: note: In function "async_client":
tests\e2e\test_refmemtree_e2e.py:416: error: Function is missing a return type annotation  [no-untyped-def]
tests\e2e\test_refmemtree_e2e.py:418: error: Unexpected keyword argument "app" for "AsyncClient"  [call-arg]
C:\Users\aaami\AppData\Local\pypoetry\Cache\virtualenvs\codorch-backend-zG6I4CYv-py3.12\Lib\site-packages\httpx\_client.py: note: "AsyncClient" defined here
tests\e2e\test_refmemtree_e2e.py: note: In function "auth_headers":
tests\e2e\test_refmemtree_e2e.py:423: error: Function is missing a return type annotation  [no-untyped-def]
tests\e2e\test_refmemtree_e2e.py: note: In function "sample_project":
tests\e2e\test_refmemtree_e2e.py:430: error: Function is missing a type annotation  [no-untyped-def]
Found 77 errors in 12 files (checked 118 source files)
